[
  {
    "id": "to8wZI0kz",
    "status": "500",
    "url": "/role",
    "content_length": "7",
    "res_time": "10.384ms"
  },
  {
    "id": "9H0DZMp6ys",
    "status": "500",
    "url": "/role",
    "content_length": "44",
    "res_time": "59.410ms"
  },
  {
    "id": "pVwzbyqoX4",
    "status": "500",
    "url": "/role",
    "content_length": "44",
    "res_time": "16.447ms"
  },
  {
    "id": "GeK1XEebmz",
    "status": "500",
    "url": "/role",
    "content_length": "44",
    "res_time": "17.465ms"
  },
  {
    "id": "xu__7JUzx",
    "status": 200
  },
  {
    "id": "l0Ne0OJS_",
    "status": 200
  },
  {
    "id": "Jp2cwtKVN",
    "status": 200
  },
  {
    "id": "xXlNYFvl5",
    "status": 200
  },
  {
    "id": "laBxSgLYc"
  },
  {
    "id": "VeF9G7ofl"
  },
  {
    "id": "f64YpzI1o"
  },
  {
    "id": "HPIvrdwoM"
  },
  {
    "id": "Fmky7b1wA"
  },
  {
    "id": "OF3Zq5E1i"
  },
  {
    "id": "iD3NTSPC0",
    "status": "",
    "url": "",
    "req": "",
    "content_length": "",
    "res_time": ""
  },
  {
    "id": "DTUiR3qEW",
    "status": "",
    "url": "",
    "req": "",
    "content_length": "",
    "res_time": ""
  },
  {
    "id": "18Bqgsg-K",
    "status": "",
    "url": "",
    "req": "",
    "content_length": ""
  },
  {
    "id": "w2efTfeXB",
    "status": "",
    "url": "",
    "req": "",
    "content_length": ""
  },
  {
    "id": "uNsT0X0g4",
    "status": "",
    "url": "",
    "req": "",
    "content_length": "",
    "res_time": ""
  },
  {
    "id": "38EEkgVat",
    "status": "s",
    "url": "s",
    "req": "s",
    "content_length": "s",
    "res_time": "s"
  },
  {
    "id": "jtB2PkGI4",
    "status": "s",
    "url": "s",
    "req": "s",
    "content_length": "s",
    "res_time": "s"
  },
  {
    "id": "PeOSvU3kd",
    "status": "s",
    "url": "s",
    "req": "s",
    "content_length": "s",
    "res_time": "s"
  },
  {
    "id": "mMT-QUYXj",
    "status": "s",
    "url": "s",
    "req": "s",
    "content_length": "s",
    "res_time": "s"
  },
  {
    "id": "T8stlvQK0",
    "status": "s",
    "url": "s",
    "req": "s",
    "content_length": "s",
    "res_time": "s"
  },
  {
    "id": "IQI7lVgFv",
    "status": "s",
    "url": "s",
    "req": "s",
    "content_length": "s"
  },
  {
    "id": "1wIz1j_g1",
    "status": "s",
    "url": "s",
    "req": "s",
    "content_length": "s"
  },
  {
    "id": "e5CCJeQ64",
    "status": "s",
    "url": "s",
    "req": "s",
    "content_length": "s",
    "res_time": "s"
  },
  {
    "id": "V0NqyNF80",
    "status": "s",
    "url": "s",
    "req": "s",
    "content_length": "s"
  },
  {
    "id": "K47o_y4zc",
    "status": "s",
    "url": "s",
    "req": "s",
    "content_length": "s"
  },
  {
    "id": "upR6td1QD",
    "status": "s",
    "url": "s",
    "req": "s",
    "content_length": "s"
  },
  {
    "id": "hJprYELc_"
  },
  {
    "id": "O8F5_44rK"
  }
]
